<?xml version="1.0" encoding="UTF-8"?>
<!-- Generated by org.testng.reporters.JUnitReportReporter -->
<testsuite hostname="DESKTOP-FUG0H6V" failures="0" tests="1" name="ContactTest" time="12.760" errors="0" timestamp="16 Jan 2023 08:06:18 GMT">
  <testcase classname="ContactTest" name="contact" time="12.760"/>
</testsuite> <!-- ContactTest -->
