<?xml version="1.0" encoding="UTF-8"?>
<!-- Generated by org.testng.reporters.JUnitReportReporter -->
<testsuite hostname="DESKTOP-FUG0H6V" failures="0" tests="1" name="ProductTest" time="21.068" errors="0" timestamp="16 Jan 2023 10:28:29 GMT">
  <testcase classname="ProductTest" name="product" time="21.068"/>
</testsuite> <!-- ProductTest -->
