<?xml version="1.0" encoding="UTF-8"?>
<!-- Generated by org.testng.reporters.JUnitReportReporter -->
<testsuite hostname="DESKTOP-FUG0H6V" failures="0" tests="1" name="ContactTest" time="34.292" errors="0" timestamp="23 Jan 2023 12:28:42 GMT">
  <testcase classname="ContactTest" name="contact" time="34.292"/>
</testsuite> <!-- ContactTest -->
