<?xml version="1.0" encoding="UTF-8"?>
<!-- Generated by org.testng.reporters.JUnitReportReporter -->
<testsuite hostname="DESKTOP-FUG0H6V" failures="0" tests="1" name="Flipkart" time="3.517" errors="0" timestamp="21 Jan 2023 11:41:26 GMT">
  <testcase classname="Flipkart" name="Flipkartdemo" time="3.517"/>
</testsuite> <!-- Flipkart -->
