<?xml version="1.0" encoding="UTF-8"?>
<!-- Generated by org.testng.reporters.JUnitReportReporter -->
<testsuite hostname="DESKTOP-FUG0H6V" failures="0" tests="1" name="JavaProgramsForPractice" time="0.015" errors="0" timestamp="20 Jan 2023 06:13:10 GMT">
  <testcase classname="JavaProgramsForPractice" name="printOneDimensionalArray" time="0.015"/>
</testsuite> <!-- JavaProgramsForPractice -->
