<?xml version="1.0" encoding="UTF-8"?>
<!-- Generated by org.testng.reporters.JUnitReportReporter -->
<testsuite hostname="DESKTOP-FUG0H6V" failures="0" tests="1" name="WindowpopupTest" time="45.293" errors="0" timestamp="16 Jan 2023 10:52:15 GMT">
  <testcase classname="WindowpopupTest" name="windowpopup" time="45.293"/>
</testsuite> <!-- WindowpopupTest -->
