<?xml version="1.0" encoding="UTF-8"?>
<!-- Generated by org.testng.reporters.JUnitReportReporter -->
<testsuite hostname="DESKTOP-FUG0H6V" failures="0" tests="1" name="OrganizationsTest" time="13.713" errors="0" timestamp="16 Jan 2023 07:26:17 GMT">
  <testcase classname="OrganizationsTest" name="organizations" time="13.713"/>
</testsuite> <!-- OrganizationsTest -->
