<?xml version="1.0" encoding="UTF-8"?>
<!-- Generated by org.testng.reporters.JUnitReportReporter -->
<testsuite hostname="DESKTOP-FUG0H6V" failures="0" tests="1" name="CreatecampaignTest" time="13.410" errors="0" timestamp="15 Jan 2023 15:43:19 GMT">
  <testcase classname="CreatecampaignTest" name="campaign" time="13.410"/>
</testsuite> <!-- CreatecampaignTest -->
