<?xml version="1.0" encoding="UTF-8"?>
<!-- Generated by org.testng.reporters.JUnitReportReporter -->
<testsuite hostname="DESKTOP-FUG0H6V" failures="0" tests="1" name="DocumentTest" time="18.175" errors="0" timestamp="16 Jan 2023 11:12:35 GMT">
  <testcase classname="DocumentTest" name="Dcocument" time="18.175"/>
</testsuite> <!-- DocumentTest -->
